[debug] [2026-02-17T17:41:01.536Z] ----------------------------------------------------------------------
[debug] [2026-02-17T17:41:01.539Z] Command:       C:\Program Files\nodejs\node.exe C:\Users\teaga\AppData\Roaming\npm\node_modules\firebase-tools\lib\bin\firebase.js deploy
[debug] [2026-02-17T17:41:01.539Z] CLI Version:   15.3.1
[debug] [2026-02-17T17:41:01.539Z] Platform:      win32
[debug] [2026-02-17T17:41:01.539Z] Node Version:  v22.15.0
[debug] [2026-02-17T17:41:01.540Z] Time:          Tue Feb 17 2026 09:41:01 GMT-0800 (Pacific Standard Time)
[debug] [2026-02-17T17:41:01.540Z] ----------------------------------------------------------------------
[debug] 
[debug] [2026-02-17T17:41:07.790Z] > command requires scopes: ["email","openid","https://www.googleapis.com/auth/cloudplatformprojects.readonly","https://www.googleapis.com/auth/firebase","https://www.googleapis.com/auth/cloud-platform"]
[debug] [2026-02-17T17:41:07.790Z] > authorizing via signed-in user (incubatorprotocol@gmail.com)
[debug] [2026-02-17T17:41:07.791Z] [iam] checking project your-firebase-project-id for permissions ["datastore.indexes.create","datastore.indexes.delete","datastore.indexes.list","datastore.indexes.update","firebase.projects.get","firebasehosting.sites.update"]
[debug] [2026-02-17T17:41:07.792Z] Checked if tokens are valid: true, expires at: 1771353652951
[debug] [2026-02-17T17:41:07.792Z] Checked if tokens are valid: true, expires at: 1771353652951
[debug] [2026-02-17T17:41:07.792Z] >>> [apiv2][query] POST https://cloudresourcemanager.googleapis.com/v1/projects/your-firebase-project-id:testIamPermissions [none]
[debug] [2026-02-17T17:41:07.793Z] >>> [apiv2][(partial)header] POST https://cloudresourcemanager.googleapis.com/v1/projects/your-firebase-project-id:testIamPermissions x-goog-quota-user=projects/your-firebase-project-id
[debug] [2026-02-17T17:41:07.793Z] >>> [apiv2][body] POST https://cloudresourcemanager.googleapis.com/v1/projects/your-firebase-project-id:testIamPermissions {"permissions":["datastore.indexes.create","datastore.indexes.delete","datastore.indexes.list","datastore.indexes.update","firebase.projects.get","firebasehosting.sites.update"]}
[debug] [2026-02-17T17:41:08.225Z] <<< [apiv2][status] POST https://cloudresourcemanager.googleapis.com/v1/projects/your-firebase-project-id:testIamPermissions 200
[debug] [2026-02-17T17:41:08.225Z] <<< [apiv2][body] POST https://cloudresourcemanager.googleapis.com/v1/projects/your-firebase-project-id:testIamPermissions {}
[debug] [2026-02-17T17:41:08.225Z] [iam] error while checking permissions, command may fail: Authorization failed. This account is missing the following required permissions on project your-firebase-project-id:

  datastore.indexes.create
  datastore.indexes.delete
  datastore.indexes.list
  datastore.indexes.update
  firebase.projects.get
  firebasehosting.sites.update
[debug] [2026-02-17T17:41:08.226Z] Checked if tokens are valid: true, expires at: 1771353652951
[debug] [2026-02-17T17:41:08.226Z] Checked if tokens are valid: true, expires at: 1771353652951
[debug] [2026-02-17T17:41:08.227Z] >>> [apiv2][query] GET https://firebase.googleapis.com/v1beta1/projects/your-firebase-project-id [none]
[debug] [2026-02-17T17:41:08.504Z] <<< [apiv2][status] GET https://firebase.googleapis.com/v1beta1/projects/your-firebase-project-id 403
[debug] [2026-02-17T17:41:08.504Z] <<< [apiv2][body] GET https://firebase.googleapis.com/v1beta1/projects/your-firebase-project-id {"error":{"code":403,"message":"The caller does not have permission","status":"PERMISSION_DENIED"}}
[debug] [2026-02-17T17:41:08.505Z] Request to https://firebase.googleapis.com/v1beta1/projects/your-firebase-project-id had HTTP Error: 403, The caller does not have permission
[debug] [2026-02-17T17:41:08.706Z] FirebaseError: Request to https://firebase.googleapis.com/v1beta1/projects/your-firebase-project-id had HTTP Error: 403, The caller does not have permission
    at responseToError (C:\Users\teaga\AppData\Roaming\npm\node_modules\firebase-tools\lib\responseToError.js:53:12)
    at RetryOperation._fn (C:\Users\teaga\AppData\Roaming\npm\node_modules\firebase-tools\lib\apiv2.js:320:77)
    at process.processTicksAndRejections (node:internal/process/task_queues:105:5)
[error] 
[error] Error: Failed to get Firebase project your-firebase-project-id. Please make sure the project exists and your account has permission to access it.
